[2025-06-04 12:03:20,647: INFO: main: Hello world, SuccessPear]
[2025-06-04 12:04:55,320: INFO: main: Hello world, SuccessPear]
[2025-06-04 15:55:37,150: INFO: main: >>>>>>>> stage Data ingestion stage start <<<<<<<<]
[2025-06-04 15:55:37,153: INFO: common: yaml file: config/config.yaml loaded successfully]
[2025-06-04 15:55:37,158: INFO: common: yaml file: params.yaml loaded successfully]
[2025-06-04 15:55:37,158: INFO: common: created directory at: artifacts]
[2025-06-04 15:55:37,158: INFO: common: created directory at: artifacts/data_ingestion]
[2025-06-04 15:55:37,158: INFO: data_ingestion: Downloading data from https://drive.google.com/file/d/1vlhZ5c7abUKF8xXERIw6m9Te8fW7ohw3/view?usp=sharing into file artifacts/data_ingestion/data.zip]
[2025-06-04 15:55:43,097: INFO: data_ingestion: Downloaded data from https://drive.google.com/file/d/1vlhZ5c7abUKF8xXERIw6m9Te8fW7ohw3/view?usp=sharing into file artifacts/data_ingestion/data.zip]
[2025-06-04 15:55:43,626: INFO: main: >>>>>>>> stage Data ingestion stage completed <<<<<<<<

x===============]
[2025-06-05 17:42:25,181: INFO: common: yaml file: config/config.yaml loaded successfully]
[2025-06-05 17:42:25,185: INFO: common: yaml file: params.yaml loaded successfully]
[2025-06-05 17:42:25,187: INFO: common: created directory at: artifacts]
[2025-06-05 17:42:25,188: INFO: common: created directory at: artifacts/prepare_base_model]
[2025-06-05 17:42:28,739: WARNING: saving_utils: Compiled the loaded model, but the compiled metrics have yet to be built. `model.compile_metrics` will be empty until you train or evaluate the model.]
[2025-06-05 17:55:23,464: INFO: main: >>>>>>>> stage Data ingestion stage start <<<<<<<<]
[2025-06-05 17:55:23,467: INFO: common: yaml file: config/config.yaml loaded successfully]
[2025-06-05 17:55:23,468: INFO: common: yaml file: params.yaml loaded successfully]
[2025-06-05 17:55:23,469: INFO: common: created directory at: artifacts]
[2025-06-05 17:55:23,469: INFO: common: created directory at: artifacts/data_ingestion]
[2025-06-05 17:55:23,469: INFO: data_ingestion: Downloading data from https://drive.google.com/file/d/1vlhZ5c7abUKF8xXERIw6m9Te8fW7ohw3/view?usp=sharing into file artifacts/data_ingestion/data.zip]
[2025-06-05 17:55:31,169: INFO: data_ingestion: Downloaded data from https://drive.google.com/file/d/1vlhZ5c7abUKF8xXERIw6m9Te8fW7ohw3/view?usp=sharing into file artifacts/data_ingestion/data.zip]
[2025-06-05 17:55:31,607: INFO: main: >>>>>>>> stage Data ingestion stage completed <<<<<<<<

x===============x]
[2025-06-05 17:55:31,607: INFO: main: >>>>>>>> stage Prepare base model stage start <<<<<<<<]
[2025-06-05 17:55:31,609: INFO: common: yaml file: config/config.yaml loaded successfully]
[2025-06-05 17:55:31,610: INFO: common: yaml file: params.yaml loaded successfully]
[2025-06-05 17:55:31,610: INFO: common: created directory at: artifacts]
[2025-06-05 17:55:31,611: INFO: common: created directory at: artifacts/prepare_base_model]
[2025-06-05 17:55:32,060: WARNING: saving_utils: Compiled the loaded model, but the compiled metrics have yet to be built. `model.compile_metrics` will be empty until you train or evaluate the model.]
[2025-06-05 17:55:32,237: INFO: main: >>>>>>>> stage Prepare base model stage completed <<<<<<<<

x===============x]
[2025-06-05 19:24:35,390: INFO: common: yaml file: config/config.yaml loaded successfully]
[2025-06-05 19:24:35,395: INFO: common: yaml file: params.yaml loaded successfully]
[2025-06-05 19:24:35,396: INFO: common: created directory at: artifacts]
[2025-06-05 19:24:35,398: INFO: common: created directory at: artifacts/training]
[2025-06-05 19:51:19,282: INFO: main: >>>>>>>> stage Data ingestion stage start <<<<<<<<]
[2025-06-05 19:51:19,284: INFO: common: yaml file: config/config.yaml loaded successfully]
[2025-06-05 19:51:19,286: INFO: common: yaml file: params.yaml loaded successfully]
[2025-06-05 19:51:19,287: INFO: common: created directory at: artifacts]
[2025-06-05 19:51:19,287: INFO: common: created directory at: artifacts/data_ingestion]
[2025-06-05 19:51:19,287: INFO: data_ingestion: Downloading data from https://drive.google.com/file/d/1vlhZ5c7abUKF8xXERIw6m9Te8fW7ohw3/view?usp=sharing into file artifacts/data_ingestion/data.zip]
[2025-06-05 19:51:27,171: INFO: data_ingestion: Downloaded data from https://drive.google.com/file/d/1vlhZ5c7abUKF8xXERIw6m9Te8fW7ohw3/view?usp=sharing into file artifacts/data_ingestion/data.zip]
[2025-06-05 19:51:27,649: INFO: main: >>>>>>>> stage Data ingestion stage completed <<<<<<<<

x===============x]
[2025-06-05 19:51:27,649: INFO: main: >>>>>>>> stage Prepare base model stage start <<<<<<<<]
[2025-06-05 19:51:27,651: INFO: common: yaml file: config/config.yaml loaded successfully]
[2025-06-05 19:51:27,653: INFO: common: yaml file: params.yaml loaded successfully]
[2025-06-05 19:51:27,654: INFO: common: created directory at: artifacts]
[2025-06-05 19:51:27,654: INFO: common: created directory at: artifacts/prepare_base_model]
[2025-06-05 19:51:28,211: WARNING: saving_utils: Compiled the loaded model, but the compiled metrics have yet to be built. `model.compile_metrics` will be empty until you train or evaluate the model.]
[2025-06-05 19:51:28,420: INFO: main: >>>>>>>> stage Prepare base model stage completed <<<<<<<<

x===============x]
[2025-06-05 19:51:28,420: INFO: main: >>>>>>>> stage Model training stage start <<<<<<<<]
[2025-06-05 19:51:28,422: INFO: common: yaml file: config/config.yaml loaded successfully]
[2025-06-05 19:51:28,424: INFO: common: yaml file: params.yaml loaded successfully]
[2025-06-05 19:51:28,424: INFO: common: created directory at: artifacts]
[2025-06-05 19:51:28,424: ERROR: main: name 'os' is not defined]
Traceback (most recent call last):
  File "main.py", line 34, in <module>
    obj.main()
  File "/home/successpear/Documents/Learning/Project/Kidney-Disease-Classification-DL-MLFLOW/src/cnnClassifier/pipeline/stage_03_model_training.py", line 13, in main
    training_config = config.get_training_config()
  File "/home/successpear/Documents/Learning/Project/Kidney-Disease-Classification-DL-MLFLOW/src/cnnClassifier/config/configuration.py", line 54, in get_training_config
    training_data = os.path.join(self.config.data_ingestion.unzip_dir, "kidney-ct-scan-image")
NameError: name 'os' is not defined
[2025-06-05 19:52:05,677: INFO: main: >>>>>>>> stage Data ingestion stage start <<<<<<<<]
[2025-06-05 19:52:05,679: INFO: common: yaml file: config/config.yaml loaded successfully]
[2025-06-05 19:52:05,681: INFO: common: yaml file: params.yaml loaded successfully]
[2025-06-05 19:52:05,681: INFO: common: created directory at: artifacts]
[2025-06-05 19:52:05,682: INFO: common: created directory at: artifacts/data_ingestion]
[2025-06-05 19:52:05,682: INFO: data_ingestion: Downloading data from https://drive.google.com/file/d/1vlhZ5c7abUKF8xXERIw6m9Te8fW7ohw3/view?usp=sharing into file artifacts/data_ingestion/data.zip]
[2025-06-05 19:52:13,111: INFO: data_ingestion: Downloaded data from https://drive.google.com/file/d/1vlhZ5c7abUKF8xXERIw6m9Te8fW7ohw3/view?usp=sharing into file artifacts/data_ingestion/data.zip]
[2025-06-05 19:52:13,554: INFO: main: >>>>>>>> stage Data ingestion stage completed <<<<<<<<

x===============x]
[2025-06-05 19:52:13,554: INFO: main: >>>>>>>> stage Prepare base model stage start <<<<<<<<]
[2025-06-05 19:52:13,556: INFO: common: yaml file: config/config.yaml loaded successfully]
[2025-06-05 19:52:13,558: INFO: common: yaml file: params.yaml loaded successfully]
[2025-06-05 19:52:13,559: INFO: common: created directory at: artifacts]
[2025-06-05 19:52:13,559: INFO: common: created directory at: artifacts/prepare_base_model]
[2025-06-05 19:52:14,023: WARNING: saving_utils: Compiled the loaded model, but the compiled metrics have yet to be built. `model.compile_metrics` will be empty until you train or evaluate the model.]
[2025-06-05 19:52:14,230: INFO: main: >>>>>>>> stage Prepare base model stage completed <<<<<<<<

x===============x]
[2025-06-05 19:52:14,230: INFO: main: >>>>>>>> stage Model training stage start <<<<<<<<]
[2025-06-05 19:52:14,234: INFO: common: yaml file: config/config.yaml loaded successfully]
[2025-06-05 19:52:14,236: INFO: common: yaml file: params.yaml loaded successfully]
[2025-06-05 19:52:14,237: INFO: common: created directory at: artifacts]
[2025-06-05 19:52:14,237: INFO: common: created directory at: artifacts/training]
[2025-06-05 19:53:32,676: INFO: main: >>>>>>>> stage Model training stage completed <<<<<<<<

x===============x]
[2025-06-06 10:34:23,967: INFO: common: yaml file: config/config.yaml loaded successfully]
[2025-06-06 10:34:23,973: INFO: common: yaml file: params.yaml loaded successfully]
[2025-06-06 10:34:23,974: INFO: common: created directory at: artifacts]
[2025-06-06 10:35:00,276: INFO: common: json file saved at: scores.json]
[2025-06-06 10:35:04,391: WARNING: save: Found untraced functions such as _jit_compiled_convolution_op, _jit_compiled_convolution_op, _jit_compiled_convolution_op, _jit_compiled_convolution_op, _jit_compiled_convolution_op while saving (showing 5 of 14). These functions will not be directly callable after loading.]
[2025-06-06 10:35:05,295: INFO: builder_impl: Assets written to: /tmp/tmpow6g5h_a/model/data/model/assets]
[2025-06-06 10:37:27,081: INFO: common: yaml file: config/config.yaml loaded successfully]
[2025-06-06 10:37:27,085: INFO: common: yaml file: params.yaml loaded successfully]
[2025-06-06 10:37:27,085: INFO: common: created directory at: artifacts]
[2025-06-06 10:37:51,623: INFO: common: json file saved at: scores.json]
[2025-06-06 10:37:54,174: WARNING: save: Found untraced functions such as _jit_compiled_convolution_op, _jit_compiled_convolution_op, _jit_compiled_convolution_op, _jit_compiled_convolution_op, _jit_compiled_convolution_op while saving (showing 5 of 14). These functions will not be directly callable after loading.]
[2025-06-06 10:37:54,702: INFO: builder_impl: Assets written to: /tmp/tmpbvz1w4ed/model/data/model/assets]
[2025-06-06 10:53:52,287: INFO: common: yaml file: config/config.yaml loaded successfully]
[2025-06-06 10:53:52,291: INFO: common: yaml file: params.yaml loaded successfully]
[2025-06-06 10:53:52,292: INFO: common: created directory at: artifacts]
[2025-06-06 10:54:17,874: INFO: common: json file saved at: scores.json]
[2025-06-06 10:54:17,914: WARNING: connectionpool: Retrying (Retry(total=4, connect=5, read=4, redirect=5, status=5)) after connection broken by 'ConnectionResetError(104, 'Connection reset by peer')': /SuccessPear/Kidney-Disease-Classification-DL-MLFLOW.mlflow/api/2.0/mlflow/runs/create]
[2025-06-06 10:55:07,176: INFO: common: yaml file: config/config.yaml loaded successfully]
[2025-06-06 10:55:07,180: INFO: common: yaml file: params.yaml loaded successfully]
[2025-06-06 10:55:07,181: INFO: common: created directory at: artifacts]
[2025-06-06 10:55:34,785: INFO: common: json file saved at: scores.json]
[2025-06-06 10:55:37,113: WARNING: save: Found untraced functions such as _jit_compiled_convolution_op, _jit_compiled_convolution_op, _jit_compiled_convolution_op, _jit_compiled_convolution_op, _jit_compiled_convolution_op while saving (showing 5 of 14). These functions will not be directly callable after loading.]
[2025-06-06 10:55:37,624: INFO: builder_impl: Assets written to: /tmp/tmplirrxtti/model/data/model/assets]
[2025-06-06 11:02:39,405: INFO: common: yaml file: config/config.yaml loaded successfully]
[2025-06-06 11:02:39,409: INFO: common: yaml file: params.yaml loaded successfully]
[2025-06-06 11:02:39,410: INFO: common: created directory at: artifacts]
[2025-06-06 11:03:15,312: INFO: common: json file saved at: scores.json]
[2025-06-06 11:03:19,209: WARNING: save: Found untraced functions such as _jit_compiled_convolution_op, _jit_compiled_convolution_op, _jit_compiled_convolution_op, _jit_compiled_convolution_op, _jit_compiled_convolution_op while saving (showing 5 of 14). These functions will not be directly callable after loading.]
[2025-06-06 11:03:20,004: INFO: builder_impl: Assets written to: /tmp/tmpx3ogjbol/model/data/model/assets]
[2025-06-06 11:20:15,302: INFO: main: >>>>>>>> stage Data ingestion stage start <<<<<<<<]
[2025-06-06 11:20:15,304: INFO: common: yaml file: config/config.yaml loaded successfully]
[2025-06-06 11:20:15,305: INFO: common: yaml file: params.yaml loaded successfully]
[2025-06-06 11:20:15,306: INFO: common: created directory at: artifacts]
[2025-06-06 11:20:15,306: INFO: common: created directory at: artifacts/data_ingestion]
[2025-06-06 11:20:15,307: INFO: data_ingestion: Downloading data from https://drive.google.com/file/d/1vlhZ5c7abUKF8xXERIw6m9Te8fW7ohw3/view?usp=sharing into file artifacts/data_ingestion/data.zip]
[2025-06-06 11:20:23,661: INFO: data_ingestion: Downloaded data from https://drive.google.com/file/d/1vlhZ5c7abUKF8xXERIw6m9Te8fW7ohw3/view?usp=sharing into file artifacts/data_ingestion/data.zip]
[2025-06-06 11:20:24,043: INFO: main: >>>>>>>> stage Data ingestion stage completed <<<<<<<<

x===============x]
[2025-06-06 11:20:24,043: INFO: main: >>>>>>>> stage Prepare base model stage start <<<<<<<<]
[2025-06-06 11:20:24,045: INFO: common: yaml file: config/config.yaml loaded successfully]
[2025-06-06 11:20:24,047: INFO: common: yaml file: params.yaml loaded successfully]
[2025-06-06 11:20:24,047: INFO: common: created directory at: artifacts]
[2025-06-06 11:20:24,047: INFO: common: created directory at: artifacts/prepare_base_model]
[2025-06-06 11:20:24,667: WARNING: saving_utils: Compiled the loaded model, but the compiled metrics have yet to be built. `model.compile_metrics` will be empty until you train or evaluate the model.]
[2025-06-06 11:20:24,865: INFO: main: >>>>>>>> stage Prepare base model stage completed <<<<<<<<

x===============x]
[2025-06-06 11:20:24,866: INFO: main: >>>>>>>> stage Model training stage start <<<<<<<<]
[2025-06-06 11:20:24,868: INFO: common: yaml file: config/config.yaml loaded successfully]
[2025-06-06 11:20:24,869: INFO: common: yaml file: params.yaml loaded successfully]
[2025-06-06 11:20:24,870: INFO: common: created directory at: artifacts]
[2025-06-06 11:20:24,870: INFO: common: created directory at: artifacts/training]
[2025-06-06 11:22:06,139: INFO: main: >>>>>>>> stage Model training stage completed <<<<<<<<

x===============x]
[2025-06-06 11:22:06,139: INFO: main: >>>>>>>> stage Model evaluation stage start <<<<<<<<]
[2025-06-06 11:22:06,143: INFO: common: yaml file: config/config.yaml loaded successfully]
[2025-06-06 11:22:06,145: INFO: common: yaml file: params.yaml loaded successfully]
[2025-06-06 11:22:06,146: INFO: common: created directory at: artifacts]
[2025-06-06 11:22:41,363: INFO: common: json file saved at: scores.json]
[2025-06-06 11:22:41,364: INFO: common: json file saved at: scores.json]
[2025-06-06 11:22:44,400: WARNING: save: Found untraced functions such as _jit_compiled_convolution_op, _jit_compiled_convolution_op, _jit_compiled_convolution_op, _jit_compiled_convolution_op, _jit_compiled_convolution_op while saving (showing 5 of 14). These functions will not be directly callable after loading.]
[2025-06-06 11:22:44,931: INFO: builder_impl: Assets written to: /tmp/tmp2m4bsqhu/model/data/model/assets]
[2025-06-06 11:23:07,781: INFO: main: >>>>>>>> stage Model evaluation stage completed <<<<<<<<

x===============x]
[2025-06-06 11:23:51,008: INFO: main: >>>>>>>> stage Data ingestion stage start <<<<<<<<]
[2025-06-06 11:23:51,011: INFO: common: yaml file: config/config.yaml loaded successfully]
[2025-06-06 11:23:51,014: INFO: common: yaml file: params.yaml loaded successfully]
[2025-06-06 11:23:51,014: INFO: common: created directory at: artifacts]
[2025-06-06 11:23:51,014: INFO: common: created directory at: artifacts/data_ingestion]
[2025-06-06 11:23:51,014: INFO: data_ingestion: Downloading data from https://drive.google.com/file/d/1vlhZ5c7abUKF8xXERIw6m9Te8fW7ohw3/view?usp=sharing into file artifacts/data_ingestion/data.zip]
[2025-06-06 11:23:58,918: INFO: data_ingestion: Downloaded data from https://drive.google.com/file/d/1vlhZ5c7abUKF8xXERIw6m9Te8fW7ohw3/view?usp=sharing into file artifacts/data_ingestion/data.zip]
[2025-06-06 11:23:59,268: INFO: main: >>>>>>>> stage Data ingestion stage completed <<<<<<<<

x===============x]
[2025-06-06 11:23:59,268: INFO: main: >>>>>>>> stage Prepare base model stage start <<<<<<<<]
[2025-06-06 11:23:59,270: INFO: common: yaml file: config/config.yaml loaded successfully]
[2025-06-06 11:23:59,271: INFO: common: yaml file: params.yaml loaded successfully]
[2025-06-06 11:23:59,271: INFO: common: created directory at: artifacts]
[2025-06-06 11:23:59,271: INFO: common: created directory at: artifacts/prepare_base_model]
[2025-06-06 11:23:59,616: WARNING: saving_utils: Compiled the loaded model, but the compiled metrics have yet to be built. `model.compile_metrics` will be empty until you train or evaluate the model.]
[2025-06-06 11:23:59,805: INFO: main: >>>>>>>> stage Prepare base model stage completed <<<<<<<<

x===============x]
[2025-06-06 11:23:59,806: INFO: main: >>>>>>>> stage Model training stage start <<<<<<<<]
[2025-06-06 11:23:59,807: INFO: common: yaml file: config/config.yaml loaded successfully]
[2025-06-06 11:23:59,809: INFO: common: yaml file: params.yaml loaded successfully]
[2025-06-06 11:23:59,810: INFO: common: created directory at: artifacts]
[2025-06-06 11:23:59,810: INFO: common: created directory at: artifacts/training]
[2025-06-06 11:26:45,433: INFO: main: >>>>>>>> stage Model training stage completed <<<<<<<<

x===============x]
[2025-06-06 11:26:45,433: INFO: main: >>>>>>>> stage Model evaluation stage start <<<<<<<<]
[2025-06-06 11:26:45,437: INFO: common: yaml file: config/config.yaml loaded successfully]
[2025-06-06 11:26:45,439: INFO: common: yaml file: params.yaml loaded successfully]
[2025-06-06 11:26:45,440: INFO: common: created directory at: artifacts]
[2025-06-06 11:27:12,313: INFO: common: json file saved at: scores.json]
[2025-06-06 11:27:12,321: INFO: common: json file saved at: scores.json]
[2025-06-06 11:27:14,957: WARNING: save: Found untraced functions such as _jit_compiled_convolution_op, _jit_compiled_convolution_op, _jit_compiled_convolution_op, _jit_compiled_convolution_op, _jit_compiled_convolution_op while saving (showing 5 of 14). These functions will not be directly callable after loading.]
[2025-06-06 11:27:15,342: INFO: builder_impl: Assets written to: /tmp/tmpgc3x03et/model/data/model/assets]
[2025-06-06 11:27:36,586: INFO: main: >>>>>>>> stage Model evaluation stage completed <<<<<<<<

x===============x]
[2025-06-06 11:39:18,021: INFO: main: >>>>>>>> stage Data ingestion stage start <<<<<<<<]
[2025-06-06 11:39:18,023: INFO: common: yaml file: config/config.yaml loaded successfully]
[2025-06-06 11:39:18,024: INFO: common: yaml file: params.yaml loaded successfully]
[2025-06-06 11:39:18,024: INFO: common: created directory at: artifacts]
[2025-06-06 11:39:18,025: INFO: common: created directory at: artifacts/data_ingestion]
[2025-06-06 11:39:18,025: INFO: data_ingestion: Downloading data from https://drive.google.com/file/d/1vlhZ5c7abUKF8xXERIw6m9Te8fW7ohw3/view?usp=sharing into file artifacts/data_ingestion/data.zip]
[2025-06-06 11:39:25,540: INFO: data_ingestion: Downloaded data from https://drive.google.com/file/d/1vlhZ5c7abUKF8xXERIw6m9Te8fW7ohw3/view?usp=sharing into file artifacts/data_ingestion/data.zip]
[2025-06-06 11:39:25,911: INFO: main: >>>>>>>> stage Data ingestion stage completed <<<<<<<<

x===============x]
[2025-06-06 11:39:25,911: INFO: main: >>>>>>>> stage Prepare base model stage start <<<<<<<<]
[2025-06-06 11:39:25,913: INFO: common: yaml file: config/config.yaml loaded successfully]
[2025-06-06 11:39:25,914: INFO: common: yaml file: params.yaml loaded successfully]
[2025-06-06 11:39:25,914: INFO: common: created directory at: artifacts]
[2025-06-06 11:39:25,915: INFO: common: created directory at: artifacts/prepare_base_model]
[2025-06-06 11:39:26,458: WARNING: saving_utils: Compiled the loaded model, but the compiled metrics have yet to be built. `model.compile_metrics` will be empty until you train or evaluate the model.]
[2025-06-06 11:39:26,728: INFO: main: >>>>>>>> stage Prepare base model stage completed <<<<<<<<

x===============x]
[2025-06-06 11:39:26,728: INFO: main: >>>>>>>> stage Model training stage start <<<<<<<<]
[2025-06-06 11:39:26,731: INFO: common: yaml file: config/config.yaml loaded successfully]
[2025-06-06 11:39:26,733: INFO: common: yaml file: params.yaml loaded successfully]
[2025-06-06 11:39:26,734: INFO: common: created directory at: artifacts]
[2025-06-06 11:39:26,735: INFO: common: created directory at: artifacts/training]
[2025-06-06 11:42:10,243: INFO: main: >>>>>>>> stage Model training stage completed <<<<<<<<

x===============x]
[2025-06-06 11:42:10,243: INFO: main: >>>>>>>> stage Model evaluation stage start <<<<<<<<]
[2025-06-06 11:42:10,246: INFO: common: yaml file: config/config.yaml loaded successfully]
[2025-06-06 11:42:10,249: INFO: common: yaml file: params.yaml loaded successfully]
[2025-06-06 11:42:10,249: INFO: common: created directory at: artifacts]
[2025-06-06 11:42:36,659: INFO: common: json file saved at: scores.json]
[2025-06-06 11:42:36,667: INFO: common: json file saved at: scores.json]
[2025-06-06 11:42:39,328: WARNING: save: Found untraced functions such as _jit_compiled_convolution_op, _jit_compiled_convolution_op, _jit_compiled_convolution_op, _jit_compiled_convolution_op, _jit_compiled_convolution_op while saving (showing 5 of 14). These functions will not be directly callable after loading.]
[2025-06-06 11:42:39,714: INFO: builder_impl: Assets written to: /tmp/tmplycccpcd/model/data/model/assets]
[2025-06-06 11:43:00,117: INFO: main: >>>>>>>> stage Model evaluation stage completed <<<<<<<<

x===============x]
[2025-06-06 11:43:51,145: INFO: main: >>>>>>>> stage Data ingestion stage start <<<<<<<<]
[2025-06-06 11:43:51,147: INFO: common: yaml file: config/config.yaml loaded successfully]
[2025-06-06 11:43:51,148: INFO: common: yaml file: params.yaml loaded successfully]
[2025-06-06 11:43:51,149: INFO: common: created directory at: artifacts]
[2025-06-06 11:43:51,149: INFO: common: created directory at: artifacts/data_ingestion]
[2025-06-06 11:43:51,149: INFO: data_ingestion: Downloading data from https://drive.google.com/file/d/1vlhZ5c7abUKF8xXERIw6m9Te8fW7ohw3/view?usp=sharing into file artifacts/data_ingestion/data.zip]
[2025-06-06 11:43:57,025: INFO: data_ingestion: Downloaded data from https://drive.google.com/file/d/1vlhZ5c7abUKF8xXERIw6m9Te8fW7ohw3/view?usp=sharing into file artifacts/data_ingestion/data.zip]
[2025-06-06 11:43:57,361: INFO: main: >>>>>>>> stage Data ingestion stage completed <<<<<<<<

x===============x]
[2025-06-06 11:43:57,361: INFO: main: >>>>>>>> stage Prepare base model stage start <<<<<<<<]
[2025-06-06 11:43:57,362: INFO: common: yaml file: config/config.yaml loaded successfully]
[2025-06-06 11:43:57,363: INFO: common: yaml file: params.yaml loaded successfully]
[2025-06-06 11:43:57,364: INFO: common: created directory at: artifacts]
[2025-06-06 11:43:57,364: INFO: common: created directory at: artifacts/prepare_base_model]
[2025-06-06 11:43:57,698: WARNING: saving_utils: Compiled the loaded model, but the compiled metrics have yet to be built. `model.compile_metrics` will be empty until you train or evaluate the model.]
[2025-06-06 11:43:57,851: INFO: main: >>>>>>>> stage Prepare base model stage completed <<<<<<<<

x===============x]
[2025-06-06 11:43:57,851: INFO: main: >>>>>>>> stage Model training stage start <<<<<<<<]
[2025-06-06 11:43:57,853: INFO: common: yaml file: config/config.yaml loaded successfully]
[2025-06-06 11:43:57,854: INFO: common: yaml file: params.yaml loaded successfully]
[2025-06-06 11:43:57,854: INFO: common: created directory at: artifacts]
[2025-06-06 11:43:57,855: INFO: common: created directory at: artifacts/training]
[2025-06-06 11:46:39,452: INFO: main: >>>>>>>> stage Model training stage completed <<<<<<<<

x===============x]
[2025-06-06 11:46:39,452: INFO: main: >>>>>>>> stage Model evaluation stage start <<<<<<<<]
[2025-06-06 11:46:39,455: INFO: common: yaml file: config/config.yaml loaded successfully]
[2025-06-06 11:46:39,458: INFO: common: yaml file: params.yaml loaded successfully]
[2025-06-06 11:46:39,458: INFO: common: created directory at: artifacts]
[2025-06-06 11:47:08,063: INFO: common: json file saved at: scores.json]
[2025-06-06 11:47:08,070: INFO: common: json file saved at: scores.json]
[2025-06-06 11:47:10,809: WARNING: save: Found untraced functions such as _jit_compiled_convolution_op, _jit_compiled_convolution_op, _jit_compiled_convolution_op, _jit_compiled_convolution_op, _jit_compiled_convolution_op while saving (showing 5 of 14). These functions will not be directly callable after loading.]
[2025-06-06 11:47:11,254: INFO: builder_impl: Assets written to: /tmp/tmpqfrxc3oe/model/data/model/assets]
[2025-06-06 11:47:32,529: INFO: main: >>>>>>>> stage Model evaluation stage completed <<<<<<<<

x===============x]
[2025-06-06 13:54:09,592: INFO: main: >>>>>>>> stage Data ingestion stage start <<<<<<<<]
[2025-06-06 13:54:09,594: INFO: common: yaml file: config/config.yaml loaded successfully]
[2025-06-06 13:54:09,595: INFO: common: yaml file: params.yaml loaded successfully]
[2025-06-06 13:54:09,595: INFO: common: created directory at: artifacts]
[2025-06-06 13:54:09,596: INFO: common: created directory at: artifacts/data_ingestion]
[2025-06-06 13:54:09,596: INFO: data_ingestion: Downloading data from https://drive.google.com/file/d/1vlhZ5c7abUKF8xXERIw6m9Te8fW7ohw3/view?usp=sharing into file artifacts/data_ingestion/data.zip]
[2025-06-06 13:54:15,237: INFO: data_ingestion: Downloaded data from https://drive.google.com/file/d/1vlhZ5c7abUKF8xXERIw6m9Te8fW7ohw3/view?usp=sharing into file artifacts/data_ingestion/data.zip]
[2025-06-06 13:54:15,576: INFO: main: >>>>>>>> stage Data ingestion stage completed <<<<<<<<

x===============x]
[2025-06-06 13:54:15,576: INFO: main: >>>>>>>> stage Prepare base model stage start <<<<<<<<]
[2025-06-06 13:54:15,577: INFO: common: yaml file: config/config.yaml loaded successfully]
[2025-06-06 13:54:15,579: INFO: common: yaml file: params.yaml loaded successfully]
[2025-06-06 13:54:15,579: INFO: common: created directory at: artifacts]
[2025-06-06 13:54:15,579: INFO: common: created directory at: artifacts/prepare_base_model]
[2025-06-06 13:54:15,970: WARNING: saving_utils: Compiled the loaded model, but the compiled metrics have yet to be built. `model.compile_metrics` will be empty until you train or evaluate the model.]
[2025-06-06 13:54:16,145: INFO: main: >>>>>>>> stage Prepare base model stage completed <<<<<<<<

x===============x]
[2025-06-06 13:54:16,145: INFO: main: >>>>>>>> stage Model training stage start <<<<<<<<]
[2025-06-06 13:54:16,147: INFO: common: yaml file: config/config.yaml loaded successfully]
[2025-06-06 13:54:16,148: INFO: common: yaml file: params.yaml loaded successfully]
[2025-06-06 13:54:16,148: INFO: common: created directory at: artifacts]
[2025-06-06 13:54:16,148: INFO: common: created directory at: artifacts/training]
[2025-06-06 13:58:18,968: INFO: main: >>>>>>>> stage Model training stage completed <<<<<<<<

x===============x]
[2025-06-06 13:58:18,968: INFO: main: >>>>>>>> stage Model evaluation stage start <<<<<<<<]
[2025-06-06 13:58:18,971: INFO: common: yaml file: config/config.yaml loaded successfully]
[2025-06-06 13:58:18,974: INFO: common: yaml file: params.yaml loaded successfully]
[2025-06-06 13:58:18,974: INFO: common: created directory at: artifacts]
[2025-06-06 13:58:45,361: INFO: common: json file saved at: scores.json]
[2025-06-06 13:58:45,368: INFO: common: json file saved at: scores.json]
[2025-06-06 13:58:48,269: WARNING: save: Found untraced functions such as _jit_compiled_convolution_op, _jit_compiled_convolution_op, _jit_compiled_convolution_op, _jit_compiled_convolution_op, _jit_compiled_convolution_op while saving (showing 5 of 14). These functions will not be directly callable after loading.]
[2025-06-06 13:58:48,832: INFO: builder_impl: Assets written to: /tmp/tmp7jn4ag1p/model/data/model/assets]
[2025-06-06 13:59:12,644: INFO: main: >>>>>>>> stage Model evaluation stage completed <<<<<<<<

x===============x]
[2025-06-13 09:42:42,989: INFO: stage_01_data_ingestion: >>>>>>>> stage Data ingestion stage start <<<<<<<<]
[2025-06-13 09:42:42,992: INFO: common: yaml file: config/config.yaml loaded successfully]
[2025-06-13 09:42:42,995: INFO: common: yaml file: params.yaml loaded successfully]
[2025-06-13 09:42:42,996: INFO: common: created directory at: artifacts]
[2025-06-13 09:42:42,997: INFO: common: created directory at: artifacts/data_ingestion]
[2025-06-13 09:42:42,997: INFO: data_ingestion: Downloading data from https://drive.google.com/file/d/1vlhZ5c7abUKF8xXERIw6m9Te8fW7ohw3/view?usp=sharing into file artifacts/data_ingestion/data.zip]
[2025-06-13 09:45:32,925: INFO: data_ingestion: Downloaded data from https://drive.google.com/file/d/1vlhZ5c7abUKF8xXERIw6m9Te8fW7ohw3/view?usp=sharing into file artifacts/data_ingestion/data.zip]
[2025-06-13 09:45:33,726: INFO: stage_01_data_ingestion: >>>>>>>> stage Data ingestion stage completed <<<<<<<<

x===============]
[2025-06-13 09:45:41,705: INFO: stage_02_prepare_base_model: >>>>>>>> stage Prepare Base Model stage start <<<<<<<<]
[2025-06-13 09:45:41,710: INFO: common: yaml file: config/config.yaml loaded successfully]
[2025-06-13 09:45:41,712: INFO: common: yaml file: params.yaml loaded successfully]
[2025-06-13 09:45:41,713: INFO: common: created directory at: artifacts]
[2025-06-13 09:45:41,713: INFO: common: created directory at: artifacts/prepare_base_model]
[2025-06-13 09:45:42,761: WARNING: saving_utils: Compiled the loaded model, but the compiled metrics have yet to be built. `model.compile_metrics` will be empty until you train or evaluate the model.]
[2025-06-13 09:45:43,266: INFO: stage_02_prepare_base_model: >>>>>>>> stage Prepare Base Model stage completed <<<<<<<<

x===============]
[2025-06-13 09:45:49,518: INFO: stage_03_model_training: >>>>>>>> stage Model training stage start <<<<<<<<]
[2025-06-13 09:45:49,522: INFO: common: yaml file: config/config.yaml loaded successfully]
[2025-06-13 09:45:49,524: INFO: common: yaml file: params.yaml loaded successfully]
[2025-06-13 09:45:49,524: INFO: common: created directory at: artifacts]
[2025-06-13 09:45:49,524: INFO: common: created directory at: artifacts/training]
[2025-06-13 09:51:10,739: INFO: stage_03_model_training: >>>>>>>> stage Model training stage completed <<<<<<<<

x===============]
[2025-06-13 09:51:18,151: INFO: stage_04_model_evaluation: *******************]
[2025-06-13 09:51:18,152: INFO: stage_04_model_evaluation: >>>>>> stage Evaluation stage started <<<<<<]
[2025-06-13 09:51:18,154: INFO: common: yaml file: config/config.yaml loaded successfully]
[2025-06-13 09:51:18,156: INFO: common: yaml file: params.yaml loaded successfully]
[2025-06-13 09:51:18,156: INFO: common: created directory at: artifacts]
[2025-06-13 09:51:54,037: INFO: common: json file saved at: scores.json]
[2025-06-13 09:51:54,038: INFO: common: json file saved at: scores.json]
[2025-06-13 09:51:57,876: WARNING: save: Found untraced functions such as _jit_compiled_convolution_op, _jit_compiled_convolution_op, _jit_compiled_convolution_op, _jit_compiled_convolution_op, _jit_compiled_convolution_op while saving (showing 5 of 14). These functions will not be directly callable after loading.]
[2025-06-13 09:51:59,315: INFO: builder_impl: Assets written to: /tmp/tmp2ertncih/model/data/model/assets]
[2025-06-13 09:52:06,473: INFO: dir_util: creating /home/successpear/Documents/Learning/Project/Kidney-Disease-Classification-DL-MLFLOW/mlruns/0/9a2c92e2960243e6ac50fbaeac9390ab/artifacts/model/data]
[2025-06-13 09:52:06,474: INFO: dir_util: creating /home/successpear/Documents/Learning/Project/Kidney-Disease-Classification-DL-MLFLOW/mlruns/0/9a2c92e2960243e6ac50fbaeac9390ab/artifacts/model/data/model]
[2025-06-13 09:52:06,502: ERROR: stage_04_model_evaluation: No module named 'distutils._modified']
Traceback (most recent call last):
  File "src/cnnClassifier/pipeline/stage_04_model_evaluation.py", line 30, in <module>
    obj.main()
  File "src/cnnClassifier/pipeline/stage_04_model_evaluation.py", line 20, in main
    evaluation.log_into_mlflow()
  File "/home/successpear/Documents/Learning/Project/Kidney-Disease-Classification-DL-MLFLOW/src/cnnClassifier/components/model_evaluation.py", line 74, in log_into_mlflow
    mlflow.keras.log_model(self.model, "model")
  File "/home/successpear/anaconda3/envs/kidney/lib/python3.8/site-packages/mlflow/tensorflow/__init__.py", line 222, in log_model
    return Model.log(
  File "/home/successpear/anaconda3/envs/kidney/lib/python3.8/site-packages/mlflow/models/model.py", line 552, in log
    mlflow.tracking.fluent.log_artifacts(local_path, mlflow_model.artifact_path)
  File "/home/successpear/anaconda3/envs/kidney/lib/python3.8/site-packages/mlflow/tracking/fluent.py", line 817, in log_artifacts
    MlflowClient().log_artifacts(run_id, local_dir, artifact_path)
  File "/home/successpear/anaconda3/envs/kidney/lib/python3.8/site-packages/mlflow/tracking/client.py", line 1069, in log_artifacts
    self._tracking_client.log_artifacts(run_id, local_dir, artifact_path)
  File "/home/successpear/anaconda3/envs/kidney/lib/python3.8/site-packages/mlflow/tracking/_tracking_service/client.py", line 448, in log_artifacts
    self._get_artifact_repo(run_id).log_artifacts(local_dir, artifact_path)
  File "/home/successpear/anaconda3/envs/kidney/lib/python3.8/site-packages/mlflow/store/artifact/local_artifact_repo.py", line 58, in log_artifacts
    dir_util.copy_tree(src=local_dir, dst=artifact_dir, preserve_mode=0, preserve_times=0)
  File "/home/successpear/anaconda3/envs/kidney/lib/python3.8/site-packages/setuptools/_distutils/dir_util.py", line 155, in copy_tree
    return list(itertools.chain.from_iterable(map(copy_one, names)))
  File "/home/successpear/anaconda3/envs/kidney/lib/python3.8/site-packages/setuptools/_distutils/dir_util.py", line 186, in _copy_one
    yield from copy_tree(
  File "/home/successpear/anaconda3/envs/kidney/lib/python3.8/site-packages/setuptools/_distutils/dir_util.py", line 155, in copy_tree
    return list(itertools.chain.from_iterable(map(copy_one, names)))
  File "/home/successpear/anaconda3/envs/kidney/lib/python3.8/site-packages/setuptools/_distutils/dir_util.py", line 186, in _copy_one
    yield from copy_tree(
  File "/home/successpear/anaconda3/envs/kidney/lib/python3.8/site-packages/setuptools/_distutils/dir_util.py", line 155, in copy_tree
    return list(itertools.chain.from_iterable(map(copy_one, names)))
  File "/home/successpear/anaconda3/envs/kidney/lib/python3.8/site-packages/setuptools/_distutils/dir_util.py", line 197, in _copy_one
    file_util.copy_file(
  File "/home/successpear/anaconda3/envs/kidney/lib/python3.8/site-packages/setuptools/_distutils/file_util.py", line 104, in copy_file
    from distutils._modified import newer
ModuleNotFoundError: No module named 'distutils._modified'
[2025-06-13 09:54:51,828: INFO: stage_04_model_evaluation: *******************]
[2025-06-13 09:54:51,828: INFO: stage_04_model_evaluation: >>>>>> stage Evaluation stage started <<<<<<]
[2025-06-13 09:54:51,831: INFO: common: yaml file: config/config.yaml loaded successfully]
[2025-06-13 09:54:51,833: INFO: common: yaml file: params.yaml loaded successfully]
[2025-06-13 09:54:51,834: INFO: common: created directory at: artifacts]
[2025-06-13 09:55:24,406: INFO: common: json file saved at: scores.json]
[2025-06-13 09:55:24,407: INFO: common: json file saved at: scores.json]
[2025-06-13 09:55:27,857: WARNING: save: Found untraced functions such as _jit_compiled_convolution_op, _jit_compiled_convolution_op, _jit_compiled_convolution_op, _jit_compiled_convolution_op, _jit_compiled_convolution_op while saving (showing 5 of 14). These functions will not be directly callable after loading.]
[2025-06-13 09:55:28,936: INFO: builder_impl: Assets written to: /tmp/tmplqzqei_5/model/data/model/assets]
[2025-06-13 09:55:37,046: INFO: dir_util: creating /home/successpear/Documents/Learning/Project/Kidney-Disease-Classification-DL-MLFLOW/mlruns/0/5e6d8fcaea6240cfa0b1750bdfdbcfde/artifacts/model/data]
[2025-06-13 09:55:37,047: INFO: dir_util: creating /home/successpear/Documents/Learning/Project/Kidney-Disease-Classification-DL-MLFLOW/mlruns/0/5e6d8fcaea6240cfa0b1750bdfdbcfde/artifacts/model/data/model]
[2025-06-13 09:55:37,073: ERROR: stage_04_model_evaluation: No module named 'distutils._modified']
Traceback (most recent call last):
  File "src/cnnClassifier/pipeline/stage_04_model_evaluation.py", line 30, in <module>
    obj.main()
  File "src/cnnClassifier/pipeline/stage_04_model_evaluation.py", line 20, in main
    evaluation.log_into_mlflow()
  File "/home/successpear/Documents/Learning/Project/Kidney-Disease-Classification-DL-MLFLOW/src/cnnClassifier/components/model_evaluation.py", line 74, in log_into_mlflow
    mlflow.keras.log_model(self.model, "model")
  File "/home/successpear/anaconda3/envs/kidney/lib/python3.8/site-packages/mlflow/tensorflow/__init__.py", line 222, in log_model
    return Model.log(
  File "/home/successpear/anaconda3/envs/kidney/lib/python3.8/site-packages/mlflow/models/model.py", line 552, in log
    mlflow.tracking.fluent.log_artifacts(local_path, mlflow_model.artifact_path)
  File "/home/successpear/anaconda3/envs/kidney/lib/python3.8/site-packages/mlflow/tracking/fluent.py", line 817, in log_artifacts
    MlflowClient().log_artifacts(run_id, local_dir, artifact_path)
  File "/home/successpear/anaconda3/envs/kidney/lib/python3.8/site-packages/mlflow/tracking/client.py", line 1069, in log_artifacts
    self._tracking_client.log_artifacts(run_id, local_dir, artifact_path)
  File "/home/successpear/anaconda3/envs/kidney/lib/python3.8/site-packages/mlflow/tracking/_tracking_service/client.py", line 448, in log_artifacts
    self._get_artifact_repo(run_id).log_artifacts(local_dir, artifact_path)
  File "/home/successpear/anaconda3/envs/kidney/lib/python3.8/site-packages/mlflow/store/artifact/local_artifact_repo.py", line 58, in log_artifacts
    dir_util.copy_tree(src=local_dir, dst=artifact_dir, preserve_mode=0, preserve_times=0)
  File "/home/successpear/anaconda3/envs/kidney/lib/python3.8/site-packages/setuptools/_distutils/dir_util.py", line 155, in copy_tree
    return list(itertools.chain.from_iterable(map(copy_one, names)))
  File "/home/successpear/anaconda3/envs/kidney/lib/python3.8/site-packages/setuptools/_distutils/dir_util.py", line 186, in _copy_one
    yield from copy_tree(
  File "/home/successpear/anaconda3/envs/kidney/lib/python3.8/site-packages/setuptools/_distutils/dir_util.py", line 155, in copy_tree
    return list(itertools.chain.from_iterable(map(copy_one, names)))
  File "/home/successpear/anaconda3/envs/kidney/lib/python3.8/site-packages/setuptools/_distutils/dir_util.py", line 186, in _copy_one
    yield from copy_tree(
  File "/home/successpear/anaconda3/envs/kidney/lib/python3.8/site-packages/setuptools/_distutils/dir_util.py", line 155, in copy_tree
    return list(itertools.chain.from_iterable(map(copy_one, names)))
  File "/home/successpear/anaconda3/envs/kidney/lib/python3.8/site-packages/setuptools/_distutils/dir_util.py", line 197, in _copy_one
    file_util.copy_file(
  File "/home/successpear/anaconda3/envs/kidney/lib/python3.8/site-packages/setuptools/_distutils/file_util.py", line 104, in copy_file
    from distutils._modified import newer
ModuleNotFoundError: No module named 'distutils._modified'
[2025-06-13 09:57:53,755: INFO: stage_04_model_evaluation: *******************]
[2025-06-13 09:57:53,755: INFO: stage_04_model_evaluation: >>>>>> stage Evaluation stage started <<<<<<]
[2025-06-13 09:57:53,758: INFO: common: yaml file: config/config.yaml loaded successfully]
[2025-06-13 09:57:53,760: INFO: common: yaml file: params.yaml loaded successfully]
[2025-06-13 09:57:53,760: INFO: common: created directory at: artifacts]
[2025-06-13 09:58:26,899: INFO: common: json file saved at: scores.json]
[2025-06-13 09:58:26,900: INFO: common: json file saved at: scores.json]
[2025-06-13 09:58:26,900: INFO: stage_04_model_evaluation: >>>>>> stage Evaluation stage completed <<<<<<

x==========x]
[2025-06-13 20:22:38,797: INFO: _internal: [31m[1mWARNING: This is a development server. Do not use it in a production deployment. Use a production WSGI server instead.[0m
 * Running on all addresses (0.0.0.0)
 * Running on http://127.0.0.1:8080
 * Running on http://192.168.1.12:8080]
[2025-06-13 20:22:38,797: INFO: _internal: [33mPress CTRL+C to quit[0m]
[2025-06-13 20:22:51,889: INFO: _internal: 127.0.0.1 - - [13/Jun/2025 20:22:51] "GET / HTTP/1.1" 200 -]
[2025-06-13 20:23:18,424: ERROR: app: Exception on /predict [POST]]
Traceback (most recent call last):
  File "/home/successpear/anaconda3/envs/kidney/lib/python3.8/site-packages/flask/app.py", line 2190, in wsgi_app
    response = self.full_dispatch_request()
  File "/home/successpear/anaconda3/envs/kidney/lib/python3.8/site-packages/flask/app.py", line 1486, in full_dispatch_request
    rv = self.handle_user_exception(e)
  File "/home/successpear/anaconda3/envs/kidney/lib/python3.8/site-packages/flask_cors/extension.py", line 194, in wrapped_function
    return cors_after_request(app.make_response(f(*args, **kwargs)))
  File "/home/successpear/anaconda3/envs/kidney/lib/python3.8/site-packages/flask/app.py", line 1484, in full_dispatch_request
    rv = self.dispatch_request()
  File "/home/successpear/anaconda3/envs/kidney/lib/python3.8/site-packages/flask/app.py", line 1469, in dispatch_request
    return self.ensure_sync(self.view_functions[rule.endpoint])(**view_args)
  File "/home/successpear/anaconda3/envs/kidney/lib/python3.8/site-packages/flask_cors/decorator.py", line 130, in wrapped_function
    resp = make_response(f(*args, **kwargs))
  File "app.py", line 44, in predictRoute
    result = clApp.classifier.predict()
  File "/home/successpear/Documents/Learning/Project/Kidney-Disease-Classification-DL-MLFLOW/src/cnnClassifier/pipeline/prediction.py", line 16, in predict
    model = load_model(os.path.join("model", "model.h5"))
  File "/home/successpear/anaconda3/envs/kidney/lib/python3.8/site-packages/keras/saving/saving_api.py", line 212, in load_model
    return legacy_sm_saving_lib.load_model(
  File "/home/successpear/anaconda3/envs/kidney/lib/python3.8/site-packages/keras/utils/traceback_utils.py", line 70, in error_handler
    raise e.with_traceback(filtered_tb) from None
  File "/home/successpear/anaconda3/envs/kidney/lib/python3.8/site-packages/keras/saving/legacy/save.py", line 230, in load_model
    raise IOError(
OSError: No file or directory found at model/model.h5
[2025-06-13 20:23:18,429: INFO: _internal: 127.0.0.1 - - [13/Jun/2025 20:23:18] "[35m[1mPOST /predict HTTP/1.1[0m" 500 -]
[2025-06-13 20:24:09,251: INFO: _internal: 127.0.0.1 - - [13/Jun/2025 20:24:09] "GET / HTTP/1.1" 200 -]
[2025-06-13 20:26:13,676: INFO: _internal: [31m[1mWARNING: This is a development server. Do not use it in a production deployment. Use a production WSGI server instead.[0m
 * Running on all addresses (0.0.0.0)
 * Running on http://127.0.0.1:8080
 * Running on http://192.168.1.12:8080]
[2025-06-13 20:26:13,676: INFO: _internal: [33mPress CTRL+C to quit[0m]
[2025-06-13 20:26:19,184: INFO: _internal: 127.0.0.1 - - [13/Jun/2025 20:26:19] "GET / HTTP/1.1" 200 -]
[2025-06-13 20:26:28,094: ERROR: app: Exception on /predict [POST]]
Traceback (most recent call last):
  File "/home/successpear/anaconda3/envs/kidney/lib/python3.8/site-packages/flask/app.py", line 2190, in wsgi_app
    response = self.full_dispatch_request()
  File "/home/successpear/anaconda3/envs/kidney/lib/python3.8/site-packages/flask/app.py", line 1486, in full_dispatch_request
    rv = self.handle_user_exception(e)
  File "/home/successpear/anaconda3/envs/kidney/lib/python3.8/site-packages/flask_cors/extension.py", line 194, in wrapped_function
    return cors_after_request(app.make_response(f(*args, **kwargs)))
  File "/home/successpear/anaconda3/envs/kidney/lib/python3.8/site-packages/flask/app.py", line 1484, in full_dispatch_request
    rv = self.dispatch_request()
  File "/home/successpear/anaconda3/envs/kidney/lib/python3.8/site-packages/flask/app.py", line 1469, in dispatch_request
    return self.ensure_sync(self.view_functions[rule.endpoint])(**view_args)
  File "/home/successpear/anaconda3/envs/kidney/lib/python3.8/site-packages/flask_cors/decorator.py", line 130, in wrapped_function
    resp = make_response(f(*args, **kwargs))
  File "app.py", line 44, in predictRoute
    result = clApp.classifier.predict()
  File "/home/successpear/Documents/Learning/Project/Kidney-Disease-Classification-DL-MLFLOW/src/cnnClassifier/pipeline/prediction.py", line 16, in predict
    model = load_model(os.path.join("training", "model.h5"))
  File "/home/successpear/anaconda3/envs/kidney/lib/python3.8/site-packages/keras/saving/saving_api.py", line 212, in load_model
    return legacy_sm_saving_lib.load_model(
  File "/home/successpear/anaconda3/envs/kidney/lib/python3.8/site-packages/keras/utils/traceback_utils.py", line 70, in error_handler
    raise e.with_traceback(filtered_tb) from None
  File "/home/successpear/anaconda3/envs/kidney/lib/python3.8/site-packages/keras/saving/legacy/save.py", line 230, in load_model
    raise IOError(
OSError: No file or directory found at training/model.h5
[2025-06-13 20:26:28,102: INFO: _internal: 127.0.0.1 - - [13/Jun/2025 20:26:28] "[35m[1mPOST /predict HTTP/1.1[0m" 500 -]
[2025-06-13 20:27:04,256: INFO: _internal: [31m[1mWARNING: This is a development server. Do not use it in a production deployment. Use a production WSGI server instead.[0m
 * Running on all addresses (0.0.0.0)
 * Running on http://127.0.0.1:8080
 * Running on http://192.168.1.12:8080]
[2025-06-13 20:27:04,256: INFO: _internal: [33mPress CTRL+C to quit[0m]
[2025-06-13 20:27:09,838: INFO: _internal: 127.0.0.1 - - [13/Jun/2025 20:27:09] "GET / HTTP/1.1" 200 -]
[2025-06-13 20:27:17,094: INFO: _internal: 127.0.0.1 - - [13/Jun/2025 20:27:17] "POST /predict HTTP/1.1" 200 -]
[2025-06-13 20:27:33,342: INFO: _internal: 127.0.0.1 - - [13/Jun/2025 20:27:33] "POST /predict HTTP/1.1" 200 -]
